Determining if the pthread_create exist failed with the following output:
Change Dir: /home/dell/PointCloudEx/IO/pcdread/build/CMakeFiles/CMakeTmp

Run Build Command:"/usr/bin/make" "cmTC_80821/fast"
/usr/bin/make -f CMakeFiles/cmTC_80821.dir/build.make CMakeFiles/cmTC_80821.dir/build
make[1]: 进入目录“/home/dell/PointCloudEx/IO/pcdread/build/CMakeFiles/CMakeTmp”
Building C object CMakeFiles/cmTC_80821.dir/CheckSymbolExists.c.o
/usr/bin/gcc    -o CMakeFiles/cmTC_80821.dir/CheckSymbolExists.c.o   -c /home/dell/PointCloudEx/IO/pcdread/build/CMakeFiles/CMakeTmp/CheckSymbolExists.c
Linking C executable cmTC_80821
/usr/bin/cmake -E cmake_link_script CMakeFiles/cmTC_80821.dir/link.txt --verbose=1
/usr/bin/gcc      -rdynamic CMakeFiles/cmTC_80821.dir/CheckSymbolExists.c.o  -o cmTC_80821 
CMakeFiles/cmTC_80821.dir/CheckSymbolExists.c.o：在函数‘main’中：
CheckSymbolExists.c:(.text+0x1b)：对‘pthread_create’未定义的引用
collect2: error: ld returned 1 exit status
CMakeFiles/cmTC_80821.dir/build.make:97: recipe for target 'cmTC_80821' failed
make[1]: *** [cmTC_80821] Error 1
make[1]: 离开目录“/home/dell/PointCloudEx/IO/pcdread/build/CMakeFiles/CMakeTmp”
Makefile:126: recipe for target 'cmTC_80821/fast' failed
make: *** [cmTC_80821/fast] Error 2

File /home/dell/PointCloudEx/IO/pcdread/build/CMakeFiles/CMakeTmp/CheckSymbolExists.c:
/* */
#include <pthread.h>

int main(int argc, char** argv)
{
  (void)argv;
#ifndef pthread_create
  return ((int*)(&pthread_create))[argc];
#else
  (void)argc;
  return 0;
#endif
}

Determining if the function pthread_create exists in the pthreads failed with the following output:
Change Dir: /home/dell/PointCloudEx/IO/pcdread/build/CMakeFiles/CMakeTmp

Run Build Command:"/usr/bin/make" "cmTC_7b3cb/fast"
/usr/bin/make -f CMakeFiles/cmTC_7b3cb.dir/build.make CMakeFiles/cmTC_7b3cb.dir/build
make[1]: 进入目录“/home/dell/PointCloudEx/IO/pcdread/build/CMakeFiles/CMakeTmp”
Building C object CMakeFiles/cmTC_7b3cb.dir/CheckFunctionExists.c.o
/usr/bin/gcc   -DCHECK_FUNCTION_EXISTS=pthread_create   -o CMakeFiles/cmTC_7b3cb.dir/CheckFunctionExists.c.o   -c /usr/share/cmake-3.10/Modules/CheckFunctionExists.c
Linking C executable cmTC_7b3cb
/usr/bin/cmake -E cmake_link_script CMakeFiles/cmTC_7b3cb.dir/link.txt --verbose=1
/usr/bin/gcc  -DCHECK_FUNCTION_EXISTS=pthread_create    -rdynamic CMakeFiles/cmTC_7b3cb.dir/CheckFunctionExists.c.o  -o cmTC_7b3cb -lpthreads 
/usr/bin/ld: 找不到 -lpthreads
collect2: error: ld returned 1 exit status
CMakeFiles/cmTC_7b3cb.dir/build.make:97: recipe for target 'cmTC_7b3cb' failed
make[1]: *** [cmTC_7b3cb] Error 1
make[1]: 离开目录“/home/dell/PointCloudEx/IO/pcdread/build/CMakeFiles/CMakeTmp”
Makefile:126: recipe for target 'cmTC_7b3cb/fast' failed
make: *** [cmTC_7b3cb/fast] Error 2


