Determining if the pthread_create exist failed with the following output:
Change Dir: /home/dell/PointCloudEx/pcdread/build/CMakeFiles/CMakeTmp

Run Build Command:"/usr/bin/make" "cmTC_80de3/fast"
/usr/bin/make -f CMakeFiles/cmTC_80de3.dir/build.make CMakeFiles/cmTC_80de3.dir/build
make[1]: 进入目录“/home/dell/PointCloudEx/pcdread/build/CMakeFiles/CMakeTmp”
Building C object CMakeFiles/cmTC_80de3.dir/CheckSymbolExists.c.o
/usr/bin/gcc    -o CMakeFiles/cmTC_80de3.dir/CheckSymbolExists.c.o   -c /home/dell/PointCloudEx/pcdread/build/CMakeFiles/CMakeTmp/CheckSymbolExists.c
Linking C executable cmTC_80de3
/usr/bin/cmake -E cmake_link_script CMakeFiles/cmTC_80de3.dir/link.txt --verbose=1
/usr/bin/gcc      -rdynamic CMakeFiles/cmTC_80de3.dir/CheckSymbolExists.c.o  -o cmTC_80de3 
CMakeFiles/cmTC_80de3.dir/CheckSymbolExists.c.o：在函数‘main’中：
CheckSymbolExists.c:(.text+0x1b)：对‘pthread_create’未定义的引用
collect2: error: ld returned 1 exit status
CMakeFiles/cmTC_80de3.dir/build.make:97: recipe for target 'cmTC_80de3' failed
make[1]: *** [cmTC_80de3] Error 1
make[1]: 离开目录“/home/dell/PointCloudEx/pcdread/build/CMakeFiles/CMakeTmp”
Makefile:126: recipe for target 'cmTC_80de3/fast' failed
make: *** [cmTC_80de3/fast] Error 2

File /home/dell/PointCloudEx/pcdread/build/CMakeFiles/CMakeTmp/CheckSymbolExists.c:
/* */
#include <pthread.h>

int main(int argc, char** argv)
{
  (void)argv;
#ifndef pthread_create
  return ((int*)(&pthread_create))[argc];
#else
  (void)argc;
  return 0;
#endif
}

Determining if the function pthread_create exists in the pthreads failed with the following output:
Change Dir: /home/dell/PointCloudEx/pcdread/build/CMakeFiles/CMakeTmp

Run Build Command:"/usr/bin/make" "cmTC_562ab/fast"
/usr/bin/make -f CMakeFiles/cmTC_562ab.dir/build.make CMakeFiles/cmTC_562ab.dir/build
make[1]: 进入目录“/home/dell/PointCloudEx/pcdread/build/CMakeFiles/CMakeTmp”
Building C object CMakeFiles/cmTC_562ab.dir/CheckFunctionExists.c.o
/usr/bin/gcc   -DCHECK_FUNCTION_EXISTS=pthread_create   -o CMakeFiles/cmTC_562ab.dir/CheckFunctionExists.c.o   -c /usr/share/cmake-3.10/Modules/CheckFunctionExists.c
Linking C executable cmTC_562ab
/usr/bin/cmake -E cmake_link_script CMakeFiles/cmTC_562ab.dir/link.txt --verbose=1
/usr/bin/gcc  -DCHECK_FUNCTION_EXISTS=pthread_create    -rdynamic CMakeFiles/cmTC_562ab.dir/CheckFunctionExists.c.o  -o cmTC_562ab -lpthreads 
/usr/bin/ld: 找不到 -lpthreads
collect2: error: ld returned 1 exit status
CMakeFiles/cmTC_562ab.dir/build.make:97: recipe for target 'cmTC_562ab' failed
make[1]: *** [cmTC_562ab] Error 1
make[1]: 离开目录“/home/dell/PointCloudEx/pcdread/build/CMakeFiles/CMakeTmp”
Makefile:126: recipe for target 'cmTC_562ab/fast' failed
make: *** [cmTC_562ab/fast] Error 2


